<?xml version="1.0" encoding="UTF-8"?>
<!-- Generated by org.testng.reporters.JUnitReportReporter -->
<testsuite hostname="LAPTOP-O5JPRBJ0" failures="0" tests="1" name="demo.TestNGTodo" time="5.413" errors="0" timestamp="2022-11-17T16:25:39 NZDT" skipped="0">
  <testcase classname="demo.TestNGTodo" name="testSimple" time="5.413"/>
  <system-out/>
</testsuite> <!-- demo.TestNGTodo -->
