<?xml version="1.0" encoding="UTF-8"?>
<!-- Generated by org.testng.reporters.JUnitReportReporter -->
<testsuite hostname="LAPTOP-O5JPRBJ0" failures="0" tests="1" name="demo.APRopen" time="5.430" errors="0" timestamp="2022-11-22T09:14:19 NZDT" skipped="0">
  <testcase classname="demo.APRopen" name="testUntitledTestCase" time="5.430"/>
  <system-out/>
</testsuite> <!-- demo.APRopen -->
