<?xml version="1.0" encoding="UTF-8"?>
<!-- Generated by org.testng.reporters.JUnitReportReporter -->
<testsuite hostname="LAPTOP-O5JPRBJ0" failures="0" tests="1" name="demo.APRBrowsertest2" time="68.325" errors="0" timestamp="2022-11-22T13:30:06 NZDT" skipped="0">
  <testcase classname="demo.APRBrowsertest2" name="login" time="68.325"/>
  <system-out/>
</testsuite> <!-- demo.APRBrowsertest2 -->
