<?xml version="1.0" encoding="UTF-8"?>
<!-- Generated by org.testng.reporters.JUnitReportReporter -->
<testsuite hostname="LAPTOP-O5JPRBJ0" failures="0" tests="1" name="demo.APRBrowsertest1" time="30.739" errors="0" timestamp="2022-11-22T13:30:06 NZDT" skipped="0">
  <testcase classname="demo.APRBrowsertest1" name="login" time="30.739"/>
  <system-out/>
</testsuite> <!-- demo.APRBrowsertest1 -->
