<?xml version="1.0" encoding="UTF-8"?>
<!-- Generated by org.testng.reporters.JUnitReportReporter -->
<testsuite hostname="LAPTOP-O5JPRBJ0" failures="0" tests="1" name="demo.APRBrowsertestcases3" time="13.607" errors="0" timestamp="2022-11-22T12:26:35 NZDT" skipped="0">
  <testcase classname="demo.APRBrowsertestcases3" name="login" time="13.607"/>
  <system-out/>
</testsuite> <!-- demo.APRBrowsertestcases3 -->
