<?xml version="1.0" encoding="UTF-8"?>
<!-- Generated by org.testng.reporters.JUnitReportReporter -->
<testsuite hostname="LAPTOP-O5JPRBJ0" failures="0" tests="1" name="demo.APR" time="123.974" errors="0" timestamp="2022-11-22T17:09:00 NZDT" skipped="0">
  <testcase classname="demo.APR" name="testUntitledTestCase" time="123.974"/>
  <system-out/>
</testsuite> <!-- demo.APR -->
