<?xml version="1.0" encoding="UTF-8"?>
<!-- Generated by org.testng.reporters.JUnitReportReporter -->
<testsuite hostname="LAPTOP-O5JPRBJ0" failures="0" tests="1" name="demo.BrowsertestAPR" time="165.247" errors="0" timestamp="2022-11-22T18:09:02 NZDT" skipped="0">
  <testcase classname="demo.BrowsertestAPR" name="login" time="165.247"/>
  <system-out/>
</testsuite> <!-- demo.BrowsertestAPR -->
