<?xml version="1.0" encoding="UTF-8"?>
<!-- Generated by org.testng.reporters.JUnitReportReporter -->
<testsuite hostname="LAPTOP-O5JPRBJ0" failures="0" tests="1" name="demo.Goseecars" time="93.491" errors="0" timestamp="2022-11-18T15:32:39 NZDT" skipped="0">
  <testcase classname="demo.Goseecars" name="testUntitledTestCase" time="93.491"/>
  <system-out/>
</testsuite> <!-- demo.Goseecars -->
