<?xml version="1.0" encoding="UTF-8"?>
<!-- Generated by org.testng.reporters.JUnitReportReporter -->
<testsuite hostname="LAPTOP-O5JPRBJ0" failures="0" tests="1" name="demo.GoseecarsSW" time="86.201" errors="0" timestamp="2022-11-18T13:19:39 NZDT" skipped="0">
  <testcase classname="demo.GoseecarsSW" name="testUntitledTestCase" time="86.201"/>
  <system-out/>
</testsuite> <!-- demo.GoseecarsSW -->
