<?xml version="1.0" encoding="UTF-8"?>
<!-- Generated by org.testng.reporters.JUnitReportReporter -->
<testsuite hostname="LAPTOP-O5JPRBJ0" failures="0" tests="1" name="demo.APRBrowsertestcases1" time="5.435" errors="0" timestamp="2022-11-22T13:24:17 NZDT" skipped="0">
  <testcase classname="demo.APRBrowsertestcases1" name="login" time="5.435"/>
  <system-out/>
</testsuite> <!-- demo.APRBrowsertestcases1 -->
