<?xml version="1.0" encoding="UTF-8"?>
<!-- Generated by org.testng.reporters.JUnitReportReporter -->
<testsuite hostname="LAPTOP-O5JPRBJ0" failures="0" tests="1" name="demo.BrowsertestMHR" time="74.464" errors="0" timestamp="2022-11-22T18:09:02 NZDT" skipped="0">
  <testcase classname="demo.BrowsertestMHR" name="login" time="74.464"/>
  <system-out/>
</testsuite> <!-- demo.BrowsertestMHR -->
