<?xml version="1.0" encoding="UTF-8"?>
<!-- Generated by org.testng.reporters.JUnitReportReporter -->
<testsuite hostname="LAPTOP-O5JPRBJ0" failures="0" tests="1" name="demo.BrowserTest" time="0.006" errors="0" timestamp="2022-11-17T13:29:08 NZDT" skipped="0">
  <testcase classname="demo.BrowserTest" name="test1" time="0.006"/>
  <system-out/>
</testsuite> <!-- demo.BrowserTest -->
