<?xml version="1.0" encoding="UTF-8"?>
<!-- Generated by org.testng.reporters.JUnitReportReporter -->
<testsuite hostname="LAPTOP-O5JPRBJ0" failures="0" tests="1" name="demo.GoseecarsSWextentreport" time="85.320" errors="0" timestamp="2022-11-25T15:44:33 NZDT" skipped="0">
  <testcase classname="demo.GoseecarsSWextentreport" name="testUntitledTestCase" time="85.320"/>
  <system-out/>
</testsuite> <!-- demo.GoseecarsSWextentreport -->
