<?xml version="1.0" encoding="UTF-8"?>
<!-- Generated by org.testng.reporters.JUnitReportReporter -->
<testsuite hostname="LAPTOP-O5JPRBJ0" failures="0" tests="1" name="demo.MHRBrowsertestcases2" time="5.801" errors="0" timestamp="2022-11-22T13:24:17 NZDT" skipped="0">
  <testcase classname="demo.MHRBrowsertestcases2" name="login" time="5.801"/>
  <system-out/>
</testsuite> <!-- demo.MHRBrowsertestcases2 -->
