<?xml version="1.0" encoding="UTF-8"?>
<!-- Generated by org.testng.reporters.JUnitReportReporter -->
<testsuite hostname="LAPTOP-O5JPRBJ0" failures="0" tests="1" name="demo.APRBrowsertestcases2" time="6.957" errors="0" timestamp="2022-11-22T13:07:18 NZDT" skipped="0">
  <testcase classname="demo.APRBrowsertestcases2" name="login" time="6.957"/>
  <system-out/>
</testsuite> <!-- demo.APRBrowsertestcases2 -->
